# JRE version: OpenJDK Runtime Environment (11.0.10) (build 11.0.10+0-b96-7249189)
# Java VM: OpenJDK 64-Bit Server VM (11.0.10+0-b96-7249189, mixed mode, tiered, compressed oops, g1 gc, windows-amd64)
Heap:
 garbage-first heap   total 157696K, used 57463K [0x0000000080000000, 0x0000000100000000)
  region size 1024K, 26 young (26624K), 9 survivors (9216K)
 Metaspace       used 51357K, capacity 52703K, committed 52812K, reserved 1095680K
  class space    used 6540K, capacity 6982K, committed 6988K, reserved 1048576K
GC Heap History (16 events):
Event: 0.698 GC heap before
{Heap before GC invocations=0 (full 0):
 garbage-first heap   total 131072K, used 29696K [0x0000000080000000, 0x0000000100000000)
  region size 1024K, 24 young (24576K), 0 survivors (0K)
 Metaspace       used 10183K, capacity 10405K, committed 10624K, reserved 1058816K
  class space    used 1062K, capacity 1107K, committed 1152K, reserved 1048576K
}
Event: 0.704 GC heap after
{Heap after GC invocations=1 (full 0):
 garbage-first heap   total 131072K, used 9589K [0x0000000080000000, 0x0000000100000000)
  region size 1024K, 3 young (3072K), 3 survivors (3072K)
 Metaspace       used 10183K, capacity 10405K, committed 10624K, reserved 1058816K
  class space    used 1062K, capacity 1107K, committed 1152K, reserved 1048576K
}
Event: 2.378 GC heap before
{Heap before GC invocations=1 (full 0):
 garbage-first heap   total 131072K, used 85365K [0x0000000080000000, 0x0000000100000000)
  region size 1024K, 76 young (77824K), 3 survivors (3072K)
 Metaspace       used 17759K, capacity 18237K, committed 18432K, reserved 1064960K
  class space    used 2104K, capacity 2240K, committed 2304K, reserved 1048576K
}
Event: 2.384 GC heap after
{Heap after GC invocations=2 (full 0):
 garbage-first heap   total 131072K, used 16209K [0x0000000080000000, 0x0000000100000000)
  region size 1024K, 10 young (10240K), 10 survivors (10240K)
 Metaspace       used 17759K, capacity 18237K, committed 18432K, reserved 1064960K
  class space    used 2104K, capacity 2240K, committed 2304K, reserved 1048576K
}
Event: 2.584 GC heap before
{Heap before GC invocations=2 (full 0):
 garbage-first heap   total 131072K, used 36689K [0x0000000080000000, 0x0000000100000000)
  region size 1024K, 32 young (32768K), 10 survivors (10240K)
 Metaspace       used 20544K, capacity 21104K, committed 21248K, reserved 1067008K
  class space    used 2506K, capacity 2690K, committed 2816K, reserved 1048576K
}
Event: 2.591 GC heap after
{Heap after GC invocations=3 (full 0):
 garbage-first heap   total 131072K, used 17136K [0x0000000080000000, 0x0000000100000000)
  region size 1024K, 1 young (1024K), 1 survivors (1024K)
 Metaspace       used 20544K, capacity 21104K, committed 21248K, reserved 1067008K
  class space    used 2506K, capacity 2690K, committed 2816K, reserved 1048576K
}
Event: 3.081 GC heap before
{Heap before GC invocations=4 (full 0):
 garbage-first heap   total 131072K, used 79600K [0x0000000080000000, 0x0000000100000000)
  region size 1024K, 62 young (63488K), 1 survivors (1024K)
 Metaspace       used 26496K, capacity 27212K, committed 27392K, reserved 1073152K
  class space    used 3493K, capacity 3755K, committed 3840K, reserved 1048576K
}
Event: 3.084 GC heap after
{Heap after GC invocations=5 (full 0):
 garbage-first heap   total 131072K, used 18833K [0x0000000080000000, 0x0000000100000000)
  region size 1024K, 3 young (3072K), 3 survivors (3072K)
 Metaspace       used 26496K, capacity 27212K, committed 27392K, reserved 1073152K
  class space    used 3493K, capacity 3755K, committed 3840K, reserved 1048576K
}
Event: 3.633 GC heap before
{Heap before GC invocations=5 (full 0):
 garbage-first heap   total 131072K, used 66961K [0x0000000080000000, 0x0000000100000000)
  region size 1024K, 51 young (52224K), 3 survivors (3072K)
 Metaspace       used 35038K, capacity 35838K, committed 35840K, reserved 1081344K
  class space    used 4538K, capacity 4864K, committed 4864K, reserved 1048576K
}
Event: 3.639 GC heap after
{Heap after GC invocations=6 (full 0):
 garbage-first heap   total 131072K, used 22210K [0x0000000080000000, 0x0000000100000000)
  region size 1024K, 6 young (6144K), 6 survivors (6144K)
 Metaspace       used 35038K, capacity 35838K, committed 35840K, reserved 1081344K
  class space    used 4538K, capacity 4864K, committed 4864K, reserved 1048576K
}
Event: 4.087 GC heap before
{Heap before GC invocations=7 (full 0):
 garbage-first heap   total 131072K, used 88770K [0x0000000080000000, 0x0000000100000000)
  region size 1024K, 69 young (70656K), 6 survivors (6144K)
 Metaspace       used 39604K, capacity 40598K, committed 40780K, reserved 1085440K
  class space    used 5064K, capacity 5422K, committed 5452K, reserved 1048576K
}
Event: 4.094 GC heap after
{Heap after GC invocations=8 (full 0):
 garbage-first heap   total 131072K, used 27404K [0x0000000080000000, 0x0000000100000000)
  region size 1024K, 9 young (9216K), 9 survivors (9216K)
 Metaspace       used 39604K, capacity 40598K, committed 40780K, reserved 1085440K
  class space    used 5064K, capacity 5422K, committed 5452K, reserved 1048576K
}
Event: 4.628 GC heap before
{Heap before GC invocations=8 (full 0):
 garbage-first heap   total 131072K, used 90892K [0x0000000080000000, 0x0000000100000000)
  region size 1024K, 71 young (72704K), 9 survivors (9216K)
 Metaspace       used 45259K, capacity 46415K, committed 46540K, reserved 1089536K
  class space    used 5815K, capacity 6227K, committed 6348K, reserved 1048576K
}
Event: 4.635 GC heap after
{Heap after GC invocations=9 (full 0):
 garbage-first heap   total 131072K, used 28917K [0x0000000080000000, 0x0000000100000000)
  region size 1024K, 3 young (3072K), 3 survivors (3072K)
 Metaspace       used 45259K, capacity 46415K, committed 46540K, reserved 1089536K
  class space    used 5815K, capacity 6227K, committed 6348K, reserved 1048576K
}
Event: 5.604 GC heap before
{Heap before GC invocations=9 (full 0):
 garbage-first heap   total 131072K, used 97525K [0x0000000080000000, 0x0000000100000000)
  region size 1024K, 66 young (67584K), 3 survivors (3072K)
 Metaspace       used 49052K, capacity 50406K, committed 50636K, reserved 1093632K
  class space    used 6269K, capacity 6750K, committed 6860K, reserved 1048576K
}
Event: 5.613 GC heap after
{Heap after GC invocations=10 (full 0):
 garbage-first heap   total 157696K, used 41079K [0x0000000080000000, 0x0000000100000000)
  region size 1024K, 9 young (9216K), 9 survivors (9216K)
 Metaspace       used 49052K, capacity 50406K, committed 50636K, reserved 1093632K
  class space    used 6269K, capacity 6750K, committed 6860K, reserved 1048576K
}

